<?xml version="1.0" encoding="UTF-8"?>
<testng-results skipped="0" failed="0" ignored="0" total="1" passed="1">
  <reporter-output>
  </reporter-output>
  <suite name="Suite" duration-ms="108" started-at="2022-02-28T21:09:03 IST" finished-at="2022-02-28T21:09:03 IST">
    <groups>
    </groups>
    <test name="Test" duration-ms="108" started-at="2022-02-28T21:09:03 IST" finished-at="2022-02-28T21:09:03 IST">
      <class name="TestNG.TestNG1">
        <test-method status="PASS" signature="beforeSuite()[pri:0, instance:TestNG.TestNG1@69379752]" name="beforeSuite" is-config="true" duration-ms="34" started-at="2022-02-28T21:09:03 IST" finished-at="2022-02-28T21:09:03 IST">
          <reporter-output>
          </reporter-output>
        </test-method> <!-- beforeSuite -->
        <test-method status="PASS" signature="beforeTest()[pri:0, instance:TestNG.TestNG1@69379752]" name="beforeTest" is-config="true" duration-ms="1" started-at="2022-02-28T21:09:03 IST" finished-at="2022-02-28T21:09:03 IST">
          <reporter-output>
          </reporter-output>
        </test-method> <!-- beforeTest -->
        <test-method status="PASS" signature="beforeClass()[pri:0, instance:TestNG.TestNG1@69379752]" name="beforeClass" is-config="true" duration-ms="1" started-at="2022-02-28T21:09:03 IST" finished-at="2022-02-28T21:09:03 IST">
          <reporter-output>
          </reporter-output>
        </test-method> <!-- beforeClass -->
        <test-method status="PASS" signature="beforeMethod()[pri:0, instance:TestNG.TestNG1@69379752]" name="beforeMethod" is-config="true" duration-ms="1" started-at="2022-02-28T21:09:03 IST" finished-at="2022-02-28T21:09:03 IST">
          <reporter-output>
          </reporter-output>
        </test-method> <!-- beforeMethod -->
        <test-method status="PASS" signature="f()[pri:1, instance:TestNG.TestNG1@69379752]" name="f" duration-ms="15" started-at="2022-02-28T21:09:03 IST" finished-at="2022-02-28T21:09:03 IST">
          <reporter-output>
          </reporter-output>
        </test-method> <!-- f -->
        <test-method status="PASS" signature="afterMethod()[pri:0, instance:TestNG.TestNG1@69379752]" name="afterMethod" is-config="true" duration-ms="1" started-at="2022-02-28T21:09:03 IST" finished-at="2022-02-28T21:09:03 IST">
          <reporter-output>
          </reporter-output>
        </test-method> <!-- afterMethod -->
        <test-method status="PASS" signature="afterClass()[pri:0, instance:TestNG.TestNG1@69379752]" name="afterClass" is-config="true" duration-ms="1" started-at="2022-02-28T21:09:03 IST" finished-at="2022-02-28T21:09:03 IST">
          <reporter-output>
          </reporter-output>
        </test-method> <!-- afterClass -->
        <test-method status="PASS" signature="afterTest()[pri:0, instance:TestNG.TestNG1@69379752]" name="afterTest" is-config="true" duration-ms="1" started-at="2022-02-28T21:09:03 IST" finished-at="2022-02-28T21:09:03 IST">
          <reporter-output>
          </reporter-output>
        </test-method> <!-- afterTest -->
        <test-method status="PASS" signature="afterSuite()[pri:0, instance:TestNG.TestNG1@69379752]" name="afterSuite" is-config="true" duration-ms="1" started-at="2022-02-28T21:09:03 IST" finished-at="2022-02-28T21:09:03 IST">
          <reporter-output>
          </reporter-output>
        </test-method> <!-- afterSuite -->
      </class> <!-- TestNG.TestNG1 -->
    </test> <!-- Test -->
  </suite> <!-- Suite -->
</testng-results>
